\\mac\home\downloads\cs4247_assign1_2017_todo\debug\vc140.pdb
\\mac\home\downloads\cs4247_assign1_2017_todo\debug\vc140.idb
\\mac\home\downloads\cs4247_assign1_2017_todo\debug\assign1.obj
\\mac\home\downloads\cs4247_assign1_2017_todo\debug\image_io.obj
\\mac\home\downloads\cs4247_assign1_2017_todo\debug\assign1_bonus.cpp.obj
\\mac\home\downloads\cs4247_assign1_2017_todo\debug\assign1.exe.embed.manifest
\\mac\home\downloads\cs4247_assign1_2017_todo\debug\assign1.exe.intermediate.manifest
\\mac\home\downloads\cs4247_assign1_2017_todo\debug\assign1.exe.embed.manifest.res
\\mac\home\downloads\cs4247_assign1_2017_todo\debug\vc90.idb
\\mac\home\downloads\cs4247_assign1_2017_todo\debug\assign1.pdb
\\mac\home\downloads\cs4247_assign1_2017_todo\debug\vc90.pdb
\\mac\home\downloads\cs4247_assign1_2017_todo\debug\assign1.tlog\cl.command.1.tlog
\\mac\home\downloads\cs4247_assign1_2017_todo\debug\assign1.tlog\cl.read.1.tlog
\\mac\home\downloads\cs4247_assign1_2017_todo\debug\assign1.tlog\cl.write.1.tlog
\\mac\home\downloads\cs4247_assign1_2017_todo\debug\assign1.tlog\link-cvtres.read.1.tlog
\\mac\home\downloads\cs4247_assign1_2017_todo\debug\assign1.tlog\link-cvtres.write.1.tlog
\\mac\home\downloads\cs4247_assign1_2017_todo\debug\assign1.tlog\link-rc.read.1.tlog
\\mac\home\downloads\cs4247_assign1_2017_todo\debug\assign1.tlog\link-rc.write.1.tlog
\\mac\home\downloads\cs4247_assign1_2017_todo\debug\assign1.tlog\link.command.1.tlog
\\mac\home\downloads\cs4247_assign1_2017_todo\debug\assign1.tlog\link.read.1.tlog
\\mac\home\downloads\cs4247_assign1_2017_todo\debug\assign1.tlog\link.write.1.tlog
